<?xml version="1.0" encoding="UTF-8"?>
<robot generator="Robot 3.0.2 (Python 3.6.1 on win32)" generated="20180216 15:26:53.129">
<suite id="s1" name="Scenarios" source="H:\ucl-nii-teriyaki\src\test\resources\scenarios">
<suite id="s1-s1" name="RFSampleAcceptanceTest" source="H:\ucl-nii-teriyaki\src\test\resources\scenarios\RFSampleAcceptanceTest.txt">
<test id="s1-s1-t1" name="Add Operation Works Well">
<kw name="Add Operation Workflow">
<arguments>
<arg>0</arg>
<arg>1</arg>
</arguments>
<kw name="Open Application Page">
<kw name="Open Browser" library="Selenium2Library">
<doc>Opens a new browser instance to given URL.</doc>
<arguments>
<arg>http://localhost:9080/RFSample/product</arg>
<arg>${BROWSER}</arg>
</arguments>
<msg timestamp="20180216 15:26:53.354" level="INFO">Opening browser 'chrome' to base url 'http://localhost:9080/RFSample/product'</msg>
<status status="PASS" starttime="20180216 15:26:53.354" endtime="20180216 15:26:57.492"></status>
</kw>
<status status="PASS" starttime="20180216 15:26:53.353" endtime="20180216 15:26:57.493"></status>
</kw>
<kw name="Calculate In Application Page">
<arguments>
<arg>${arg1}</arg>
</arguments>
<assign>
<var>${calc_value}</var>
</assign>
<kw name="Input Text" library="Selenium2Library">
<doc>Types the given `text` into text field identified by `locator`.</doc>
<arguments>
<arg>arg1</arg>
<arg>${arg1}</arg>
</arguments>
<msg timestamp="20180216 15:26:57.494" level="INFO">Typing text '0' into text field 'arg1'</msg>
<status status="PASS" starttime="20180216 15:26:57.493" endtime="20180216 15:26:57.639"></status>
</kw>
<kw name="Click Button" library="Selenium2Library">
<doc>Clicks a button identified by `locator`.</doc>
<arguments>
<arg>add1</arg>
</arguments>
<msg timestamp="20180216 15:26:57.640" level="INFO">Clicking button 'add1'.</msg>
<status status="PASS" starttime="20180216 15:26:57.639" endtime="20180216 15:26:57.822"></status>
</kw>
<kw name="Click Button" library="Selenium2Library">
<doc>Clicks a button identified by `locator`.</doc>
<arguments>
<arg>calculate</arg>
</arguments>
<msg timestamp="20180216 15:26:57.823" level="INFO">Clicking button 'calculate'.</msg>
<status status="PASS" starttime="20180216 15:26:57.823" endtime="20180216 15:26:57.921"></status>
</kw>
<kw name="Submit Form" library="Selenium2Library">
<doc>Submits a form identified by `locator`.</doc>
<msg timestamp="20180216 15:26:57.921" level="INFO">Submitting form 'None'.</msg>
<status status="PASS" starttime="20180216 15:26:57.921" endtime="20180216 15:26:57.994"></status>
</kw>
<kw name="Get Value" library="Selenium2Library">
<doc>Returns the value attribute of element identified by `locator`.</doc>
<arguments>
<arg>sample2</arg>
</arguments>
<assign>
<var>${result}</var>
</assign>
<msg timestamp="20180216 15:26:58.023" level="INFO">${result} = 1</msg>
<status status="PASS" starttime="20180216 15:26:57.994" endtime="20180216 15:26:58.023"></status>
</kw>
<msg timestamp="20180216 15:26:58.023" level="INFO">${calc_value} = 1</msg>
<status status="PASS" starttime="20180216 15:26:57.493" endtime="20180216 15:26:58.023"></status>
</kw>
<kw name="Should Be Equal" library="BuiltIn">
<doc>Fails if the given objects are unequal.</doc>
<arguments>
<arg>${calc_value}</arg>
<arg>${expected}</arg>
</arguments>
<status status="PASS" starttime="20180216 15:26:58.023" endtime="20180216 15:26:58.024"></status>
</kw>
<kw name="Close Application Page">
<kw name="Close Browser" library="Selenium2Library">
<doc>Closes the current browser.</doc>
<status status="PASS" starttime="20180216 15:26:58.024" endtime="20180216 15:27:01.101"></status>
</kw>
<status status="PASS" starttime="20180216 15:26:58.024" endtime="20180216 15:27:01.102"></status>
</kw>
<status status="PASS" starttime="20180216 15:26:53.353" endtime="20180216 15:27:01.102"></status>
</kw>
<status status="PASS" starttime="20180216 15:26:53.351" endtime="20180216 15:27:01.105" critical="yes"></status>
</test>
<status status="PASS" starttime="20180216 15:26:53.166" endtime="20180216 15:27:01.114"></status>
</suite>
<status status="PASS" starttime="20180216 15:26:53.132" endtime="20180216 15:27:01.125"></status>
</suite>
<statistics>
<total>
<stat pass="1" fail="0">Critical Tests</stat>
<stat pass="1" fail="0">All Tests</stat>
</total>
<tag>
</tag>
<suite>
<stat pass="1" fail="0" id="s1" name="Scenarios">Scenarios</stat>
<stat pass="1" fail="0" id="s1-s1" name="RFSampleAcceptanceTest">Scenarios.RFSampleAcceptanceTest</stat>
</suite>
</statistics>
<errors>
</errors>
</robot>
